<?xml version="1.0" encoding="UTF-8"?>
<testsuite xmlns:xsi="http://www.w3.org/2001/XMLSchema-instance" xsi:noNamespaceSchemaLocation="https://maven.apache.org/surefire/maven-surefire-plugin/xsd/surefire-test-report-3.0.xsd" version="3.0" name="com.amongus.bot.game.states.GameActiveStateTest" time="0.964" tests="15" errors="0" skipped="0" failures="0">
  <properties>
[...]
</properties>
  <testcase name="testIWasKilledAction" classname="com.amongus.bot.game.states.GameActiveStateTest" time="0.87">
    <system-err><![CDATA[2025-06-11 16:53:42.037 [main] INFO com.amongus.bot.game.states.GameActiveState - Entered active game state for game TEST123
2025-06-11 16:53:42.040 [main] DEBUG com.amongus.bot.game.states.GameActiveState - Game state initialized for lobby TEST123
2025-06-11 16:53:42.040 [main] DEBUG com.amongus.bot.game.states.GameActiveState - Sending game start message to player 1 in game TEST123
2025-06-11 16:53:42.040 [main] DEBUG com.amongus.bot.game.states.GameActiveState - Initialized 3 fake tasks for impostor 1
2025-06-11 16:53:42.153 [main] DEBUG com.amongus.bot.game.states.GameActiveState - Sent game start message with keyboard to player Impostor (1)
2025-06-11 16:53:42.153 [main] DEBUG com.amongus.bot.game.states.GameActiveState - Sent detailed task information to player Impostor (1)
2025-06-11 16:53:42.154 [main] DEBUG com.amongus.bot.game.states.GameActiveState - Sending game start message to player 2 in game TEST123
2025-06-11 16:53:42.154 [main] DEBUG com.amongus.bot.game.states.GameActiveState - Sent game start message with keyboard to player Crewmate2 (2)
2025-06-11 16:53:42.154 [main] DEBUG com.amongus.bot.game.states.GameActiveState - Sent detailed task information to player Crewmate2 (2)
2025-06-11 16:53:42.154 [main] DEBUG com.amongus.bot.game.states.GameActiveState - Sending game start message to player 3 in game TEST123
2025-06-11 16:53:42.154 [main] DEBUG com.amongus.bot.game.states.GameActiveState - Sent game start message with keyboard to player Crewmate3 (3)
2025-06-11 16:53:42.155 [main] DEBUG com.amongus.bot.game.states.GameActiveState - Sent detailed task information to player Crewmate3 (3)
2025-06-11 16:53:42.155 [main] DEBUG com.amongus.bot.game.states.GameActiveState - Sending game start message to player 4 in game TEST123
2025-06-11 16:53:42.155 [main] DEBUG com.amongus.bot.game.states.GameActiveState - Sent game start message with keyboard to player Crewmate4 (4)
2025-06-11 16:53:42.155 [main] DEBUG com.amongus.bot.game.states.GameActiveState - Sent detailed task information to player Crewmate4 (4)
2025-06-11 16:53:42.155 [main] DEBUG com.amongus.bot.game.states.GameActiveState - Sending game start message to player 5 in game TEST123
2025-06-11 16:53:42.155 [main] DEBUG com.amongus.bot.game.states.GameActiveState - Sent game start message with keyboard to player Crewmate5 (5)
2025-06-11 16:53:42.155 [main] DEBUG com.amongus.bot.game.states.GameActiveState - Sent detailed task information to player Crewmate5 (5)
2025-06-11 16:53:42.164 [main] INFO com.amongus.bot.game.states.GameActiveState - Player 3 self-reported as killed in game TEST123
2025-06-11 16:53:42.164 [main] DEBUG com.amongus.bot.game.states.GameActiveState - Updated action keyboard for player 3 in game TEST123
2025-06-11 16:53:42.165 [main] DEBUG com.amongus.bot.game.states.GameActiveState - Game TEST123 win condition check: 3 alive crewmates, 1 alive impostors, 0% tasks completed
2025-06-11 16:53:42.165 [main] DEBUG com.amongus.bot.game.states.GameActiveState - Game TEST123 win condition check: 3 alive crewmates, 1 alive impostors, 0% tasks completed
]]></system-err>
  </testcase>
  <testcase name="testReportBodyActionWithNoDeadPlayers" classname="com.amongus.bot.game.states.GameActiveStateTest" time="0.006">
    <system-err><![CDATA[2025-06-11 16:53:42.185 [main] INFO com.amongus.bot.game.states.GameActiveState - Entered active game state for game TEST123
2025-06-11 16:53:42.185 [main] DEBUG com.amongus.bot.game.states.GameActiveState - Game state initialized for lobby TEST123
2025-06-11 16:53:42.185 [main] DEBUG com.amongus.bot.game.states.GameActiveState - Sending game start message to player 1 in game TEST123
2025-06-11 16:53:42.185 [main] DEBUG com.amongus.bot.game.states.GameActiveState - Initialized 3 fake tasks for impostor 1
2025-06-11 16:53:42.186 [main] DEBUG com.amongus.bot.game.states.GameActiveState - Sent game start message with keyboard to player Impostor (1)
2025-06-11 16:53:42.186 [main] DEBUG com.amongus.bot.game.states.GameActiveState - Sent detailed task information to player Impostor (1)
2025-06-11 16:53:42.186 [main] DEBUG com.amongus.bot.game.states.GameActiveState - Sending game start message to player 2 in game TEST123
2025-06-11 16:53:42.186 [main] DEBUG com.amongus.bot.game.states.GameActiveState - Sent game start message with keyboard to player Crewmate2 (2)
2025-06-11 16:53:42.186 [main] DEBUG com.amongus.bot.game.states.GameActiveState - Sent detailed task information to player Crewmate2 (2)
2025-06-11 16:53:42.186 [main] DEBUG com.amongus.bot.game.states.GameActiveState - Sending game start message to player 3 in game TEST123
2025-06-11 16:53:42.186 [main] DEBUG com.amongus.bot.game.states.GameActiveState - Sent game start message with keyboard to player Crewmate3 (3)
2025-06-11 16:53:42.186 [main] DEBUG com.amongus.bot.game.states.GameActiveState - Sent detailed task information to player Crewmate3 (3)
2025-06-11 16:53:42.186 [main] DEBUG com.amongus.bot.game.states.GameActiveState - Sending game start message to player 4 in game TEST123
2025-06-11 16:53:42.187 [main] DEBUG com.amongus.bot.game.states.GameActiveState - Sent game start message with keyboard to player Crewmate4 (4)
2025-06-11 16:53:42.187 [main] DEBUG com.amongus.bot.game.states.GameActiveState - Sent detailed task information to player Crewmate4 (4)
2025-06-11 16:53:42.187 [main] DEBUG com.amongus.bot.game.states.GameActiveState - Sending game start message to player 5 in game TEST123
2025-06-11 16:53:42.187 [main] DEBUG com.amongus.bot.game.states.GameActiveState - Sent game start message with keyboard to player Crewmate5 (5)
2025-06-11 16:53:42.187 [main] DEBUG com.amongus.bot.game.states.GameActiveState - Sent detailed task information to player Crewmate5 (5)
2025-06-11 16:53:42.187 [main] INFO com.amongus.bot.game.states.GameActiveState - Player 2 attempted to report a body when there are no killed players in game TEST123
]]></system-err>
  </testcase>
  <testcase name="testSabotageMenuAction" classname="com.amongus.bot.game.states.GameActiveStateTest" time="0.008">
    <system-err><![CDATA[2025-06-11 16:53:42.192 [main] INFO com.amongus.bot.game.states.GameActiveState - Entered active game state for game TEST123
2025-06-11 16:53:42.192 [main] DEBUG com.amongus.bot.game.states.GameActiveState - Game state initialized for lobby TEST123
2025-06-11 16:53:42.193 [main] DEBUG com.amongus.bot.game.states.GameActiveState - Sending game start message to player 1 in game TEST123
2025-06-11 16:53:42.193 [main] DEBUG com.amongus.bot.game.states.GameActiveState - Initialized 3 fake tasks for impostor 1
2025-06-11 16:53:42.193 [main] DEBUG com.amongus.bot.game.states.GameActiveState - Sent game start message with keyboard to player Impostor (1)
2025-06-11 16:53:42.193 [main] DEBUG com.amongus.bot.game.states.GameActiveState - Sent detailed task information to player Impostor (1)
2025-06-11 16:53:42.193 [main] DEBUG com.amongus.bot.game.states.GameActiveState - Sending game start message to player 2 in game TEST123
2025-06-11 16:53:42.193 [main] DEBUG com.amongus.bot.game.states.GameActiveState - Sent game start message with keyboard to player Crewmate2 (2)
2025-06-11 16:53:42.193 [main] DEBUG com.amongus.bot.game.states.GameActiveState - Sent detailed task information to player Crewmate2 (2)
2025-06-11 16:53:42.194 [main] DEBUG com.amongus.bot.game.states.GameActiveState - Sending game start message to player 3 in game TEST123
2025-06-11 16:53:42.194 [main] DEBUG com.amongus.bot.game.states.GameActiveState - Sent game start message with keyboard to player Crewmate3 (3)
2025-06-11 16:53:42.194 [main] DEBUG com.amongus.bot.game.states.GameActiveState - Sent detailed task information to player Crewmate3 (3)
2025-06-11 16:53:42.194 [main] DEBUG com.amongus.bot.game.states.GameActiveState - Sending game start message to player 4 in game TEST123
2025-06-11 16:53:42.194 [main] DEBUG com.amongus.bot.game.states.GameActiveState - Sent game start message with keyboard to player Crewmate4 (4)
2025-06-11 16:53:42.194 [main] DEBUG com.amongus.bot.game.states.GameActiveState - Sent detailed task information to player Crewmate4 (4)
2025-06-11 16:53:42.194 [main] DEBUG com.amongus.bot.game.states.GameActiveState - Sending game start message to player 5 in game TEST123
2025-06-11 16:53:42.194 [main] DEBUG com.amongus.bot.game.states.GameActiveState - Sent game start message with keyboard to player Crewmate5 (5)
2025-06-11 16:53:42.194 [main] DEBUG com.amongus.bot.game.states.GameActiveState - Sent detailed task information to player Crewmate5 (5)
2025-06-11 16:53:42.195 [main] INFO com.amongus.bot.game.states.GameActiveState - Impostor 1 opened sabotage menu in game TEST123
2025-06-11 16:53:42.195 [main] DEBUG com.amongus.bot.game.states.GameActiveState - Game TEST123 win condition check: 4 alive crewmates, 1 alive impostors, 0% tasks completed
]]></system-err>
  </testcase>
  <testcase name="testOnEnter" classname="com.amongus.bot.game.states.GameActiveStateTest" time="0.006">
    <system-err><![CDATA[2025-06-11 16:53:42.201 [main] INFO com.amongus.bot.game.states.GameActiveState - Entered active game state for game TEST123
2025-06-11 16:53:42.201 [main] DEBUG com.amongus.bot.game.states.GameActiveState - Game state initialized for lobby TEST123
2025-06-11 16:53:42.201 [main] DEBUG com.amongus.bot.game.states.GameActiveState - Sending game start message to player 1 in game TEST123
2025-06-11 16:53:42.201 [main] DEBUG com.amongus.bot.game.states.GameActiveState - Initialized 3 fake tasks for impostor 1
2025-06-11 16:53:42.201 [main] DEBUG com.amongus.bot.game.states.GameActiveState - Sent game start message with keyboard to player Impostor (1)
2025-06-11 16:53:42.202 [main] DEBUG com.amongus.bot.game.states.GameActiveState - Sent detailed task information to player Impostor (1)
2025-06-11 16:53:42.202 [main] DEBUG com.amongus.bot.game.states.GameActiveState - Sending game start message to player 2 in game TEST123
2025-06-11 16:53:42.202 [main] DEBUG com.amongus.bot.game.states.GameActiveState - Sent game start message with keyboard to player Crewmate2 (2)
2025-06-11 16:53:42.202 [main] DEBUG com.amongus.bot.game.states.GameActiveState - Sent detailed task information to player Crewmate2 (2)
2025-06-11 16:53:42.202 [main] DEBUG com.amongus.bot.game.states.GameActiveState - Sending game start message to player 3 in game TEST123
2025-06-11 16:53:42.202 [main] DEBUG com.amongus.bot.game.states.GameActiveState - Sent game start message with keyboard to player Crewmate3 (3)
2025-06-11 16:53:42.202 [main] DEBUG com.amongus.bot.game.states.GameActiveState - Sent detailed task information to player Crewmate3 (3)
2025-06-11 16:53:42.202 [main] DEBUG com.amongus.bot.game.states.GameActiveState - Sending game start message to player 4 in game TEST123
2025-06-11 16:53:42.203 [main] DEBUG com.amongus.bot.game.states.GameActiveState - Sent game start message with keyboard to player Crewmate4 (4)
2025-06-11 16:53:42.203 [main] DEBUG com.amongus.bot.game.states.GameActiveState - Sent detailed task information to player Crewmate4 (4)
2025-06-11 16:53:42.203 [main] DEBUG com.amongus.bot.game.states.GameActiveState - Sending game start message to player 5 in game TEST123
2025-06-11 16:53:42.203 [main] DEBUG com.amongus.bot.game.states.GameActiveState - Sent game start message with keyboard to player Crewmate5 (5)
2025-06-11 16:53:42.203 [main] DEBUG com.amongus.bot.game.states.GameActiveState - Sent detailed task information to player Crewmate5 (5)
]]></system-err>
  </testcase>
  <testcase name="testTaskActionFromImpostor" classname="com.amongus.bot.game.states.GameActiveStateTest" time="0.005">
    <system-err><![CDATA[2025-06-11 16:53:42.208 [main] INFO com.amongus.bot.game.states.GameActiveState - Entered active game state for game TEST123
2025-06-11 16:53:42.208 [main] DEBUG com.amongus.bot.game.states.GameActiveState - Game state initialized for lobby TEST123
2025-06-11 16:53:42.208 [main] DEBUG com.amongus.bot.game.states.GameActiveState - Sending game start message to player 1 in game TEST123
2025-06-11 16:53:42.208 [main] DEBUG com.amongus.bot.game.states.GameActiveState - Initialized 3 fake tasks for impostor 1
2025-06-11 16:53:42.208 [main] DEBUG com.amongus.bot.game.states.GameActiveState - Sent game start message with keyboard to player Impostor (1)
2025-06-11 16:53:42.208 [main] DEBUG com.amongus.bot.game.states.GameActiveState - Sent detailed task information to player Impostor (1)
2025-06-11 16:53:42.208 [main] DEBUG com.amongus.bot.game.states.GameActiveState - Sending game start message to player 2 in game TEST123
2025-06-11 16:53:42.208 [main] DEBUG com.amongus.bot.game.states.GameActiveState - Sent game start message with keyboard to player Crewmate2 (2)
2025-06-11 16:53:42.208 [main] DEBUG com.amongus.bot.game.states.GameActiveState - Sent detailed task information to player Crewmate2 (2)
2025-06-11 16:53:42.209 [main] DEBUG com.amongus.bot.game.states.GameActiveState - Sending game start message to player 3 in game TEST123
2025-06-11 16:53:42.209 [main] DEBUG com.amongus.bot.game.states.GameActiveState - Sent game start message with keyboard to player Crewmate3 (3)
2025-06-11 16:53:42.209 [main] DEBUG com.amongus.bot.game.states.GameActiveState - Sent detailed task information to player Crewmate3 (3)
2025-06-11 16:53:42.209 [main] DEBUG com.amongus.bot.game.states.GameActiveState - Sending game start message to player 4 in game TEST123
2025-06-11 16:53:42.209 [main] DEBUG com.amongus.bot.game.states.GameActiveState - Sent game start message with keyboard to player Crewmate4 (4)
2025-06-11 16:53:42.209 [main] DEBUG com.amongus.bot.game.states.GameActiveState - Sent detailed task information to player Crewmate4 (4)
2025-06-11 16:53:42.209 [main] DEBUG com.amongus.bot.game.states.GameActiveState - Sending game start message to player 5 in game TEST123
2025-06-11 16:53:42.209 [main] DEBUG com.amongus.bot.game.states.GameActiveState - Sent game start message with keyboard to player Crewmate5 (5)
2025-06-11 16:53:42.209 [main] DEBUG com.amongus.bot.game.states.GameActiveState - Sent detailed task information to player Crewmate5 (5)
2025-06-11 16:53:42.209 [main] DEBUG com.amongus.bot.game.states.GameActiveState - Game TEST123 win condition check: 4 alive crewmates, 1 alive impostors, 0% tasks completed
]]></system-err>
  </testcase>
  <testcase name="testGetStateName" classname="com.amongus.bot.game.states.GameActiveStateTest" time="0.004"/>
  <testcase name="testWinConditionCrewmatesTaskCompletion" classname="com.amongus.bot.game.states.GameActiveStateTest" time="0.006">
    <system-err><![CDATA[2025-06-11 16:53:42.217 [main] INFO com.amongus.bot.game.states.GameActiveState - Entered active game state for game TEST123
2025-06-11 16:53:42.217 [main] DEBUG com.amongus.bot.game.states.GameActiveState - Game state initialized for lobby TEST123
2025-06-11 16:53:42.217 [main] DEBUG com.amongus.bot.game.states.GameActiveState - Sending game start message to player 1 in game TEST123
2025-06-11 16:53:42.217 [main] DEBUG com.amongus.bot.game.states.GameActiveState - Initialized 3 fake tasks for impostor 1
2025-06-11 16:53:42.217 [main] DEBUG com.amongus.bot.game.states.GameActiveState - Sent game start message with keyboard to player Impostor (1)
2025-06-11 16:53:42.217 [main] DEBUG com.amongus.bot.game.states.GameActiveState - Sent detailed task information to player Impostor (1)
2025-06-11 16:53:42.218 [main] DEBUG com.amongus.bot.game.states.GameActiveState - Sending game start message to player 2 in game TEST123
2025-06-11 16:53:42.218 [main] DEBUG com.amongus.bot.game.states.GameActiveState - Sent game start message with keyboard to player Crewmate2 (2)
2025-06-11 16:53:42.218 [main] DEBUG com.amongus.bot.game.states.GameActiveState - Sent detailed task information to player Crewmate2 (2)
2025-06-11 16:53:42.218 [main] DEBUG com.amongus.bot.game.states.GameActiveState - Sending game start message to player 3 in game TEST123
2025-06-11 16:53:42.218 [main] DEBUG com.amongus.bot.game.states.GameActiveState - Sent game start message with keyboard to player Crewmate3 (3)
2025-06-11 16:53:42.218 [main] DEBUG com.amongus.bot.game.states.GameActiveState - Sent detailed task information to player Crewmate3 (3)
2025-06-11 16:53:42.218 [main] DEBUG com.amongus.bot.game.states.GameActiveState - Sending game start message to player 4 in game TEST123
2025-06-11 16:53:42.218 [main] DEBUG com.amongus.bot.game.states.GameActiveState - Sent game start message with keyboard to player Crewmate4 (4)
2025-06-11 16:53:42.218 [main] DEBUG com.amongus.bot.game.states.GameActiveState - Sent detailed task information to player Crewmate4 (4)
2025-06-11 16:53:42.218 [main] DEBUG com.amongus.bot.game.states.GameActiveState - Sending game start message to player 5 in game TEST123
2025-06-11 16:53:42.219 [main] DEBUG com.amongus.bot.game.states.GameActiveState - Sent game start message with keyboard to player Crewmate5 (5)
2025-06-11 16:53:42.219 [main] DEBUG com.amongus.bot.game.states.GameActiveState - Sent detailed task information to player Crewmate5 (5)
2025-06-11 16:53:42.219 [main] DEBUG com.amongus.bot.game.states.GameActiveState - Game TEST123 win condition check: 4 alive crewmates, 1 alive impostors, 100% tasks completed
2025-06-11 16:53:42.219 [main] INFO com.amongus.bot.game.states.GameActiveState - Game TEST123 ended: Crewmates win (all tasks completed)
2025-06-11 16:53:42.221 [main] DEBUG com.amongus.bot.game.states.GameActiveState - Game TEST123 win condition check: 4 alive crewmates, 1 alive impostors, 100% tasks completed
2025-06-11 16:53:42.221 [main] INFO com.amongus.bot.game.states.GameActiveState - Game TEST123 ended: Crewmates win (all tasks completed)
]]></system-err>
  </testcase>
  <testcase name="testFakeTaskActionFromImpostor" classname="com.amongus.bot.game.states.GameActiveStateTest" time="0.005">
    <system-err><![CDATA[2025-06-11 16:53:42.224 [main] INFO com.amongus.bot.game.states.GameActiveState - Entered active game state for game TEST123
2025-06-11 16:53:42.224 [main] DEBUG com.amongus.bot.game.states.GameActiveState - Game state initialized for lobby TEST123
2025-06-11 16:53:42.224 [main] DEBUG com.amongus.bot.game.states.GameActiveState - Sending game start message to player 1 in game TEST123
2025-06-11 16:53:42.224 [main] DEBUG com.amongus.bot.game.states.GameActiveState - Initialized 3 fake tasks for impostor 1
2025-06-11 16:53:42.225 [main] DEBUG com.amongus.bot.game.states.GameActiveState - Sent game start message with keyboard to player Impostor (1)
2025-06-11 16:53:42.225 [main] DEBUG com.amongus.bot.game.states.GameActiveState - Sent detailed task information to player Impostor (1)
2025-06-11 16:53:42.225 [main] DEBUG com.amongus.bot.game.states.GameActiveState - Sending game start message to player 2 in game TEST123
2025-06-11 16:53:42.225 [main] DEBUG com.amongus.bot.game.states.GameActiveState - Sent game start message with keyboard to player Crewmate2 (2)
2025-06-11 16:53:42.225 [main] DEBUG com.amongus.bot.game.states.GameActiveState - Sent detailed task information to player Crewmate2 (2)
2025-06-11 16:53:42.225 [main] DEBUG com.amongus.bot.game.states.GameActiveState - Sending game start message to player 3 in game TEST123
2025-06-11 16:53:42.225 [main] DEBUG com.amongus.bot.game.states.GameActiveState - Sent game start message with keyboard to player Crewmate3 (3)
2025-06-11 16:53:42.225 [main] DEBUG com.amongus.bot.game.states.GameActiveState - Sent detailed task information to player Crewmate3 (3)
2025-06-11 16:53:42.225 [main] DEBUG com.amongus.bot.game.states.GameActiveState - Sending game start message to player 4 in game TEST123
2025-06-11 16:53:42.226 [main] DEBUG com.amongus.bot.game.states.GameActiveState - Sent game start message with keyboard to player Crewmate4 (4)
2025-06-11 16:53:42.226 [main] DEBUG com.amongus.bot.game.states.GameActiveState - Sent detailed task information to player Crewmate4 (4)
2025-06-11 16:53:42.226 [main] DEBUG com.amongus.bot.game.states.GameActiveState - Sending game start message to player 5 in game TEST123
2025-06-11 16:53:42.226 [main] DEBUG com.amongus.bot.game.states.GameActiveState - Sent game start message with keyboard to player Crewmate5 (5)
2025-06-11 16:53:42.226 [main] DEBUG com.amongus.bot.game.states.GameActiveState - Sent detailed task information to player Crewmate5 (5)
2025-06-11 16:53:42.227 [main] INFO com.amongus.bot.game.states.GameActiveState - Impostor 1 requested to fake-complete task 0 in game TEST123, awaiting photo confirmation
2025-06-11 16:53:42.227 [main] DEBUG com.amongus.bot.game.states.GameActiveState - Game TEST123 win condition check: 4 alive crewmates, 1 alive impostors, 0% tasks completed
]]></system-err>
  </testcase>
  <testcase name="testCanPerformActionForImpostor" classname="com.amongus.bot.game.states.GameActiveStateTest" time="0.003"/>
  <testcase name="testReportBodyAction" classname="com.amongus.bot.game.states.GameActiveStateTest" time="0.005">
    <system-err><![CDATA[2025-06-11 16:53:42.232 [main] INFO com.amongus.bot.game.states.GameActiveState - Entered active game state for game TEST123
2025-06-11 16:53:42.232 [main] DEBUG com.amongus.bot.game.states.GameActiveState - Game state initialized for lobby TEST123
2025-06-11 16:53:42.232 [main] DEBUG com.amongus.bot.game.states.GameActiveState - Sending game start message to player 1 in game TEST123
2025-06-11 16:53:42.233 [main] DEBUG com.amongus.bot.game.states.GameActiveState - Initialized 3 fake tasks for impostor 1
2025-06-11 16:53:42.233 [main] DEBUG com.amongus.bot.game.states.GameActiveState - Sent game start message with keyboard to player Impostor (1)
2025-06-11 16:53:42.233 [main] DEBUG com.amongus.bot.game.states.GameActiveState - Sent detailed task information to player Impostor (1)
2025-06-11 16:53:42.233 [main] DEBUG com.amongus.bot.game.states.GameActiveState - Sending game start message to player 2 in game TEST123
2025-06-11 16:53:42.233 [main] DEBUG com.amongus.bot.game.states.GameActiveState - Sent game start message with keyboard to player Crewmate2 (2)
2025-06-11 16:53:42.233 [main] DEBUG com.amongus.bot.game.states.GameActiveState - Sent detailed task information to player Crewmate2 (2)
2025-06-11 16:53:42.233 [main] DEBUG com.amongus.bot.game.states.GameActiveState - Sending game start message to player 3 in game TEST123
2025-06-11 16:53:42.233 [main] DEBUG com.amongus.bot.game.states.GameActiveState - Sent game start message with keyboard to player Crewmate3 (3)
2025-06-11 16:53:42.233 [main] DEBUG com.amongus.bot.game.states.GameActiveState - Sent detailed task information to player Crewmate3 (3)
2025-06-11 16:53:42.233 [main] DEBUG com.amongus.bot.game.states.GameActiveState - Sending game start message to player 4 in game TEST123
2025-06-11 16:53:42.233 [main] DEBUG com.amongus.bot.game.states.GameActiveState - Sent game start message with keyboard to player Crewmate4 (4)
2025-06-11 16:53:42.233 [main] DEBUG com.amongus.bot.game.states.GameActiveState - Sent detailed task information to player Crewmate4 (4)
2025-06-11 16:53:42.233 [main] DEBUG com.amongus.bot.game.states.GameActiveState - Sending game start message to player 5 in game TEST123
2025-06-11 16:53:42.234 [main] DEBUG com.amongus.bot.game.states.GameActiveState - Sent game start message with keyboard to player Crewmate5 (5)
2025-06-11 16:53:42.234 [main] DEBUG com.amongus.bot.game.states.GameActiveState - Sent detailed task information to player Crewmate5 (5)
2025-06-11 16:53:42.234 [main] INFO com.amongus.bot.game.states.GameActiveState - Player 2 reported a body in game TEST123
]]></system-err>
  </testcase>
  <testcase name="testEmergencyMeetingAction" classname="com.amongus.bot.game.states.GameActiveStateTest" time="0.005">
    <system-err><![CDATA[2025-06-11 16:53:42.238 [main] INFO com.amongus.bot.game.states.GameActiveState - Entered active game state for game TEST123
2025-06-11 16:53:42.238 [main] DEBUG com.amongus.bot.game.states.GameActiveState - Game state initialized for lobby TEST123
2025-06-11 16:53:42.238 [main] DEBUG com.amongus.bot.game.states.GameActiveState - Sending game start message to player 1 in game TEST123
2025-06-11 16:53:42.238 [main] DEBUG com.amongus.bot.game.states.GameActiveState - Initialized 3 fake tasks for impostor 1
2025-06-11 16:53:42.238 [main] DEBUG com.amongus.bot.game.states.GameActiveState - Sent game start message with keyboard to player Impostor (1)
2025-06-11 16:53:42.238 [main] DEBUG com.amongus.bot.game.states.GameActiveState - Sent detailed task information to player Impostor (1)
2025-06-11 16:53:42.239 [main] DEBUG com.amongus.bot.game.states.GameActiveState - Sending game start message to player 2 in game TEST123
2025-06-11 16:53:42.239 [main] DEBUG com.amongus.bot.game.states.GameActiveState - Sent game start message with keyboard to player Crewmate2 (2)
2025-06-11 16:53:42.239 [main] DEBUG com.amongus.bot.game.states.GameActiveState - Sent detailed task information to player Crewmate2 (2)
2025-06-11 16:53:42.239 [main] DEBUG com.amongus.bot.game.states.GameActiveState - Sending game start message to player 3 in game TEST123
2025-06-11 16:53:42.239 [main] DEBUG com.amongus.bot.game.states.GameActiveState - Sent game start message with keyboard to player Crewmate3 (3)
2025-06-11 16:53:42.239 [main] DEBUG com.amongus.bot.game.states.GameActiveState - Sent detailed task information to player Crewmate3 (3)
2025-06-11 16:53:42.239 [main] DEBUG com.amongus.bot.game.states.GameActiveState - Sending game start message to player 4 in game TEST123
2025-06-11 16:53:42.239 [main] DEBUG com.amongus.bot.game.states.GameActiveState - Sent game start message with keyboard to player Crewmate4 (4)
2025-06-11 16:53:42.240 [main] DEBUG com.amongus.bot.game.states.GameActiveState - Sent detailed task information to player Crewmate4 (4)
2025-06-11 16:53:42.240 [main] DEBUG com.amongus.bot.game.states.GameActiveState - Sending game start message to player 5 in game TEST123
2025-06-11 16:53:42.240 [main] DEBUG com.amongus.bot.game.states.GameActiveState - Sent game start message with keyboard to player Crewmate5 (5)
2025-06-11 16:53:42.240 [main] DEBUG com.amongus.bot.game.states.GameActiveState - Sent detailed task information to player Crewmate5 (5)
2025-06-11 16:53:42.240 [main] INFO com.amongus.bot.game.states.GameActiveState - Player 2 called an emergency meeting in game TEST123
]]></system-err>
  </testcase>
  <testcase name="testTaskActionFromCrewmate" classname="com.amongus.bot.game.states.GameActiveStateTest" time="0.006">
    <system-err><![CDATA[2025-06-11 16:53:42.245 [main] INFO com.amongus.bot.game.states.GameActiveState - Entered active game state for game TEST123
2025-06-11 16:53:42.245 [main] DEBUG com.amongus.bot.game.states.GameActiveState - Game state initialized for lobby TEST123
2025-06-11 16:53:42.245 [main] DEBUG com.amongus.bot.game.states.GameActiveState - Sending game start message to player 1 in game TEST123
2025-06-11 16:53:42.246 [main] DEBUG com.amongus.bot.game.states.GameActiveState - Initialized 3 fake tasks for impostor 1
2025-06-11 16:53:42.246 [main] DEBUG com.amongus.bot.game.states.GameActiveState - Sent game start message with keyboard to player Impostor (1)
2025-06-11 16:53:42.246 [main] DEBUG com.amongus.bot.game.states.GameActiveState - Sent detailed task information to player Impostor (1)
2025-06-11 16:53:42.246 [main] DEBUG com.amongus.bot.game.states.GameActiveState - Sending game start message to player 2 in game TEST123
2025-06-11 16:53:42.246 [main] DEBUG com.amongus.bot.game.states.GameActiveState - Sent game start message with keyboard to player Crewmate2 (2)
2025-06-11 16:53:42.246 [main] DEBUG com.amongus.bot.game.states.GameActiveState - Sent detailed task information to player Crewmate2 (2)
2025-06-11 16:53:42.246 [main] DEBUG com.amongus.bot.game.states.GameActiveState - Sending game start message to player 3 in game TEST123
2025-06-11 16:53:42.246 [main] DEBUG com.amongus.bot.game.states.GameActiveState - Sent game start message with keyboard to player Crewmate3 (3)
2025-06-11 16:53:42.246 [main] DEBUG com.amongus.bot.game.states.GameActiveState - Sent detailed task information to player Crewmate3 (3)
2025-06-11 16:53:42.246 [main] DEBUG com.amongus.bot.game.states.GameActiveState - Sending game start message to player 4 in game TEST123
2025-06-11 16:53:42.246 [main] DEBUG com.amongus.bot.game.states.GameActiveState - Sent game start message with keyboard to player Crewmate4 (4)
2025-06-11 16:53:42.247 [main] DEBUG com.amongus.bot.game.states.GameActiveState - Sent detailed task information to player Crewmate4 (4)
2025-06-11 16:53:42.247 [main] DEBUG com.amongus.bot.game.states.GameActiveState - Sending game start message to player 5 in game TEST123
2025-06-11 16:53:42.247 [main] DEBUG com.amongus.bot.game.states.GameActiveState - Sent game start message with keyboard to player Crewmate5 (5)
2025-06-11 16:53:42.247 [main] DEBUG com.amongus.bot.game.states.GameActiveState - Sent detailed task information to player Crewmate5 (5)
2025-06-11 16:53:42.247 [main] INFO com.amongus.bot.game.states.GameActiveState - Player 2 requested to complete task 0 in game TEST123, awaiting photo confirmation
2025-06-11 16:53:42.247 [main] DEBUG com.amongus.bot.game.states.GameActiveState - Game TEST123 win condition check: 4 alive crewmates, 1 alive impostors, 0% tasks completed
]]></system-err>
  </testcase>
  <testcase name="testCanPerformActionForDeadPlayer" classname="com.amongus.bot.game.states.GameActiveStateTest" time="0.001"/>
  <testcase name="testScanAction" classname="com.amongus.bot.game.states.GameActiveStateTest" time="0.003">
    <system-err><![CDATA[2025-06-11 16:53:42.251 [main] INFO com.amongus.bot.game.states.GameActiveState - Entered active game state for game TEST123
2025-06-11 16:53:42.251 [main] DEBUG com.amongus.bot.game.states.GameActiveState - Game state initialized for lobby TEST123
2025-06-11 16:53:42.251 [main] DEBUG com.amongus.bot.game.states.GameActiveState - Sending game start message to player 1 in game TEST123
2025-06-11 16:53:42.251 [main] DEBUG com.amongus.bot.game.states.GameActiveState - Initialized 3 fake tasks for impostor 1
2025-06-11 16:53:42.251 [main] DEBUG com.amongus.bot.game.states.GameActiveState - Sent game start message with keyboard to player Impostor (1)
2025-06-11 16:53:42.251 [main] DEBUG com.amongus.bot.game.states.GameActiveState - Sent detailed task information to player Impostor (1)
2025-06-11 16:53:42.251 [main] DEBUG com.amongus.bot.game.states.GameActiveState - Sending game start message to player 2 in game TEST123
2025-06-11 16:53:42.251 [main] DEBUG com.amongus.bot.game.states.GameActiveState - Sent game start message with keyboard to player Crewmate2 (2)
2025-06-11 16:53:42.252 [main] DEBUG com.amongus.bot.game.states.GameActiveState - Sent detailed task information to player Crewmate2 (2)
2025-06-11 16:53:42.252 [main] DEBUG com.amongus.bot.game.states.GameActiveState - Sending game start message to player 3 in game TEST123
2025-06-11 16:53:42.252 [main] DEBUG com.amongus.bot.game.states.GameActiveState - Sent game start message with keyboard to player Crewmate3 (3)
2025-06-11 16:53:42.252 [main] DEBUG com.amongus.bot.game.states.GameActiveState - Sent detailed task information to player Crewmate3 (3)
2025-06-11 16:53:42.252 [main] DEBUG com.amongus.bot.game.states.GameActiveState - Sending game start message to player 4 in game TEST123
2025-06-11 16:53:42.252 [main] DEBUG com.amongus.bot.game.states.GameActiveState - Sent game start message with keyboard to player Crewmate4 (4)
2025-06-11 16:53:42.252 [main] DEBUG com.amongus.bot.game.states.GameActiveState - Sent detailed task information to player Crewmate4 (4)
2025-06-11 16:53:42.252 [main] DEBUG com.amongus.bot.game.states.GameActiveState - Sending game start message to player 5 in game TEST123
2025-06-11 16:53:42.252 [main] DEBUG com.amongus.bot.game.states.GameActiveState - Sent game start message with keyboard to player Crewmate5 (5)
2025-06-11 16:53:42.252 [main] DEBUG com.amongus.bot.game.states.GameActiveState - Sent detailed task information to player Crewmate5 (5)
2025-06-11 16:53:42.252 [main] INFO com.amongus.bot.game.states.GameActiveState - Player 2 performed scan in game TEST123
2025-06-11 16:53:42.252 [main] DEBUG com.amongus.bot.game.states.GameActiveState - Updated action keyboard for player 2 in game TEST123
2025-06-11 16:53:42.252 [main] DEBUG com.amongus.bot.game.states.GameActiveState - Game TEST123 win condition check: 4 alive crewmates, 1 alive impostors, 0% tasks completed
]]></system-err>
  </testcase>
  <testcase name="testCanPerformActionForCrewmate" classname="com.amongus.bot.game.states.GameActiveStateTest" time="0.002"/>
</testsuite>